<?xml version="1.0" encoding="UTF-8"?>
<!-- Generated by org.testng.reporters.JUnitReportReporter -->
<testsuite name="com.tiger.test.Createtest" tests="1" time="23.476" ignored="0" failures="0" timestamp="19 Aug 2020 14:42:01 GMT" skipped="0" hostname="Abdul_Rehman" errors="0">
  <testcase name="createcust" time="23.476" classname="com.tiger.test.Createtest"/>
</testsuite> <!-- com.tiger.test.Createtest -->
